[website243275.nicepage.io/Home.html]
[backblue.gif]
[fade.gif]
[index.html]
[images01.nicepage.io/cea7a422acf4c0821244910e/fd467aef901153a4999efa2f/gggf__01.jpg]
[website243275.nicepage.io/nicepage9ada.css]
[images01.nicepage.io/cea7a422acf4c0821244910e/3b876e4efa5653e8b8b6db37/youngchang.jpg]
[static.nicepage.com/shared/assets/jquery-1.9.1.min.js]
[images01.nicepage.io/cea7a422acf4c0821244910e/3e1114656d1953efb1a8f74f/sun.jpg]
[images01.nicepage.io/cea7a422acf4c0821244910e/ccfb201ae8ce5129bea076b3/zhang.jpg]
[capp.nicepage.com/01dce1c8a6d7a04ad86588d4f4ea1868440d169a/nicepage.js]
[images01.nicepage.io/cea7a422acf4c0821244910e/2f7927edc4f75cfeb633203d/choi.jpg]
[images01.nicepage.io/cea7a422acf4c0821244910e/1ec9142d16fb5c51affbd54c/li.jpg]
[images01.nicepage.io/cea7a422acf4c0821244910e/de560c8bf94f55dc9ab854e3/ren.jpg]
[images01.nicepage.io/cea7a422acf4c0821244910e/5942bb986429545184cd1a08/zhangchi.jpg]
[images03.nicepage.io/cea7a422acf4c0821244910e/d064cf1a65dd5db0b2095b32/visiongologonewefe2.png]
[images01.nicepage.io/cea7a422acf4c0821244910e/5f137cea5b5b5d798e5d7a79/visiongohistory002.jpg]
[website243275.nicepage.io/Home43d1.html]
[images01.nicepage.io/cea7a422acf4c0821244910e/ed8f44dcef695300a05140aa/visiongocare01.jpg]
[website243275.nicepage.io/2020-GGGFdf65.html]
[images01.nicepage.io/cea7a422acf4c0821244910e/761e8c03c5b35230b4a52abc/thermaleyes01.jpg]
[images01.nicepage.io/cea7a422acf4c0821244910e/bd1cccd0ae545ef1bcfd7410/ar.jpg]
[website243275.nicepage.io/Thermaleyes88db.html]
[images01.nicepage.io/cea7a422acf4c0821244910e/a26256417b9c5ba0ae361c3b/20210311_164043.jpg]
[images01.nicepage.io/cea7a422acf4c0821244910e/acff7d169d8e5b7bbc475c44/001.jpg]
[website243275.nicepage.io/TEAM-PROFILEbf53.html]
[images01.nicepage.io/cea7a422acf4c0821244910e/87f07016c70c53a1bf6ce925/KakaoTalk_20210315_152843086.jpg]
[images01.nicepage.io/cea7a422acf4c0821244910e/b172f42f35535e00a1b9e067/7321logo.jpg]
[images02.nicepage.io/cea7a422acf4c0821244910e/e13070f20bf15bbdb510a24d/ded71a89-384d-22f8-c7be-bc4d29c3a97b.jpg]
[images01.nicepage.io/cea7a422acf4c0821244910e/31e8b4304ead57599db1f399/unnamed.jpg]
[images01.nicepage.io/cea7a422acf4c0821244910e/b082b9ecb2ec56718c30d940/pxwxqu_y4qn-2rxicx_logo.jpg]
[images01.nicepage.io/cea7a422acf4c0821244910e/3e246f9747f65015af6a0663/JXLOGOefe2.jpg]
[images01.nicepage.io/cea7a422acf4c0821244910e/e9e99480a0f95915b3726727/canaanlogoefe2.jpg]
[images01.nicepage.io/cea7a422acf4c0821244910e/fdfe5cc1d64e5b8993ec3190/c4d3b0ce-1909-e2f4-5b2a-df9ac73daf6f.jpg]
[website243275.nicepage.io/Home.html]
[website243275.nicepage.io/nicepage9ada.css]
[website243275.nicepage.io/Home43d1.html]
[website243275.nicepage.io/2020-GGGF.html]
[images01.nicepage.io/cea7a422acf4c0821244910e/d4acd2d2def95795a2f75e64/001.jpg]
[images01.nicepage.io/cea7a422acf4c0821244910e/ff82440004cf589694b45b50/002.jpg]
[images01.nicepage.io/cea7a422acf4c0821244910e/b415b72f555256b78682b808/003.jpg]
[website243275.nicepage.io/2020-GGGFdf65.html]
[website243275.nicepage.io/Thermaleyes.html]
[images01.nicepage.io/cea7a422acf4c0821244910e/4e252096f64e515482e44654/thermaleyes.jpg]
[images01.nicepage.io/cea7a422acf4c0821244910e/d43471a676d75c2189b77b82/thermaleyes001.jpg]
[images01.nicepage.io/cea7a422acf4c0821244910e/6f2ad6e8d2ff575987c5155d/thermaleyes002.jpg]
[images01.nicepage.io/cea7a422acf4c0821244910e/5c2921014f0e5349b8f2698e/thermaleyes003.jpg]
[website243275.nicepage.io/Thermaleyes88db.html]
[images01.nicepage.io/cea7a422acf4c0821244910e/3b876e4efa5653e8b8b6db37/youngchangefe2.jpg]
[images01.nicepage.io/cea7a422acf4c0821244910e/3e1114656d1953efb1a8f74f/sunefe2.jpg]
[images01.nicepage.io/cea7a422acf4c0821244910e/ccfb201ae8ce5129bea076b3/zhangefe2.jpg]
[images01.nicepage.io/cea7a422acf4c0821244910e/2f7927edc4f75cfeb633203d/choiefe2.jpg]
[images01.nicepage.io/cea7a422acf4c0821244910e/1ec9142d16fb5c51affbd54c/liefe2.jpg]
[images01.nicepage.io/cea7a422acf4c0821244910e/de560c8bf94f55dc9ab854e3/renefe2.jpg]
[images01.nicepage.io/cea7a422acf4c0821244910e/5942bb986429545184cd1a08/zhangchiefe2.jpg]
[website243275.nicepage.io/TEAM-PROFILEbf53.html]
[website243275.nicepage.io/2020-GGGF.html]
[website243275.nicepage.io/Thermaleyes.html]
[website243275.nicepage.io/TEAM-PROFILE.html]
[website243275.nicepage.io/TEAM-PROFILE.html]
